<?xml version="1.0" encoding="UTF-8"?>
<robot generator="Robot 3.2.2 (Python 3.9.0 on win32)" generated="20201219 12:29:02.019" rpa="false">
<suite id="s1" name="EJ3Ingresando datos de correo" source="C:\Users\Tec\Desktop\EJ3Ingresando_datos_de_correo\EJ3Ingresando_datos_de_correo.robot">
<test id="s1-t1" name="Ingresar Cuenta De Correo">
<kw name="Open Browser" library="SeleniumLibrary">
<doc>Opens a new browser instance to the optional ``url``.</doc>
<arguments>
<arg>https://gmail.com/</arg>
<arg>Chrome</arg>
</arguments>
<msg timestamp="20201219 12:29:02.177" level="INFO">Opening browser 'Chrome' to base url 'https://gmail.com/'.</msg>
<status status="PASS" starttime="20201219 12:29:02.177" endtime="20201219 12:29:07.804"></status>
</kw>
<kw name="Input Text" library="SeleniumLibrary">
<doc>Types the given ``text`` into the text field identified by ``locator``.</doc>
<arguments>
<arg>id:identifierId</arg>
<arg>rchilavert@nahualit.com</arg>
</arguments>
<msg timestamp="20201219 12:29:07.805" level="INFO">Typing text 'rchilavert@nahualit.com' into text field 'id:identifierId'.</msg>
<status status="PASS" starttime="20201219 12:29:07.805" endtime="20201219 12:29:07.954"></status>
</kw>
<kw name="Click Element" library="SeleniumLibrary">
<doc>Click the element identified by ``locator``.</doc>
<arguments>
<arg>xpath://*[@id="identifierNext"]/div/button/div[2]</arg>
</arguments>
<msg timestamp="20201219 12:29:07.955" level="INFO">Clicking element 'xpath://*[@id="identifierNext"]/div/button/div[2]'.</msg>
<status status="PASS" starttime="20201219 12:29:07.955" endtime="20201219 12:29:08.030"></status>
</kw>
<kw name="Sleep" library="BuiltIn">
<doc>Pauses the test executed for the given time.</doc>
<arguments>
<arg>3s</arg>
</arguments>
<msg timestamp="20201219 12:29:11.032" level="INFO">Slept 3 seconds</msg>
<status status="PASS" starttime="20201219 12:29:08.030" endtime="20201219 12:29:11.032"></status>
</kw>
<kw name="Input Text" library="SeleniumLibrary">
<doc>Types the given ``text`` into the text field identified by ``locator``.</doc>
<arguments>
<arg>name:password</arg>
<arg>CAsa42868166++++</arg>
</arguments>
<msg timestamp="20201219 12:29:11.032" level="INFO">Typing text 'CAsa42868166++++' into text field 'name:password'.</msg>
<status status="PASS" starttime="20201219 12:29:11.032" endtime="20201219 12:29:11.138"></status>
</kw>
<kw name="Click Element" library="SeleniumLibrary">
<doc>Click the element identified by ``locator``.</doc>
<arguments>
<arg>xpath://*[@id="passwordNext"]/div/button/div[2]</arg>
</arguments>
<msg timestamp="20201219 12:29:11.138" level="INFO">Clicking element 'xpath://*[@id="passwordNext"]/div/button/div[2]'.</msg>
<status status="PASS" starttime="20201219 12:29:11.138" endtime="20201219 12:29:11.206"></status>
</kw>
<kw name="Sleep" library="BuiltIn">
<doc>Pauses the test executed for the given time.</doc>
<arguments>
<arg>3s</arg>
</arguments>
<msg timestamp="20201219 12:29:14.209" level="INFO">Slept 3 seconds</msg>
<status status="PASS" starttime="20201219 12:29:11.206" endtime="20201219 12:29:14.209"></status>
</kw>
<kw name="Close Browser" library="SeleniumLibrary">
<doc>Closes the current browser.</doc>
<status status="PASS" starttime="20201219 12:29:14.209" endtime="20201219 12:29:16.304"></status>
</kw>
<status status="PASS" starttime="20201219 12:29:02.176" endtime="20201219 12:29:16.304" critical="yes"></status>
</test>
<status status="PASS" starttime="20201219 12:29:02.021" endtime="20201219 12:29:16.305"></status>
</suite>
<statistics>
<total>
<stat pass="1" fail="0">Critical Tests</stat>
<stat pass="1" fail="0">All Tests</stat>
</total>
<tag>
</tag>
<suite>
<stat pass="1" fail="0" id="s1" name="EJ3Ingresando datos de correo">EJ3Ingresando datos de correo</stat>
</suite>
</statistics>
<errors>
</errors>
</robot>
