<?xml version="1.0" encoding="UTF-8"?>
<robot generator="Robot 3.2.2 (Python 3.9.0 on win32)" generated="20201228 09:18:56.806" rpa="false">
<suite id="s1" name="Checkbox" source="C:\Users\Tec\Documents\Programacion\RobotFramework basico\Checkbox\checkbox.robot">
<test id="s1-t1" name="Trabajando con checkbox">
<kw name="Open Browser" library="SeleniumLibrary">
<doc>Opens a new browser instance to the optional ``url``.</doc>
<arguments>
<arg>${pagina}</arg>
<arg>${navegador}</arg>
</arguments>
<msg timestamp="20201228 09:18:57.013" level="INFO">Opening browser 'Chrome' to base url 'https://www.htmlquick.com/es/reference/tags/input-checkbox.html'.</msg>
<status status="PASS" starttime="20201228 09:18:57.013" endtime="20201228 09:19:01.738"></status>
</kw>
<kw name="Sleep" library="BuiltIn">
<doc>Pauses the test executed for the given time.</doc>
<arguments>
<arg>3s</arg>
</arguments>
<msg timestamp="20201228 09:19:04.740" level="INFO">Slept 3 seconds</msg>
<status status="PASS" starttime="20201228 09:19:01.738" endtime="20201228 09:19:04.740"></status>
</kw>
<kw name="Select Checkbox" library="SeleniumLibrary">
<doc>Selects the checkbox identified by ``locator``.</doc>
<arguments>
<arg>cb-videojuegos</arg>
</arguments>
<msg timestamp="20201228 09:19:04.740" level="INFO">Selecting checkbox 'cb-videojuegos'.</msg>
<status status="PASS" starttime="20201228 09:19:04.740" endtime="20201228 09:19:04.829"></status>
</kw>
<status status="PASS" starttime="20201228 09:18:57.012" endtime="20201228 09:19:04.829" critical="yes"></status>
</test>
<status status="PASS" starttime="20201228 09:18:56.807" endtime="20201228 09:19:04.829"></status>
</suite>
<statistics>
<total>
<stat pass="1" fail="0">Critical Tests</stat>
<stat pass="1" fail="0">All Tests</stat>
</total>
<tag>
</tag>
<suite>
<stat pass="1" fail="0" id="s1" name="Checkbox">Checkbox</stat>
</suite>
</statistics>
<errors>
</errors>
</robot>
