<?xml version="1.0" encoding="UTF-8"?>
<robot generator="Robot 3.2.2 (Python 3.9.0 on win32)" generated="20201220 09:20:44.720" rpa="false">
<suite id="s1" name="Radiobottom" source="C:\Users\Tec\Documents\Programacion\RobotFramework basico\Radiobottom\Radiobottom.robot">
<test id="s1-t1" name="Usando radiobottom">
<kw name="Open Browser" library="SeleniumLibrary">
<doc>Opens a new browser instance to the optional ``url``.</doc>
<arguments>
<arg>${pagina}</arg>
<arg>${navegador}</arg>
</arguments>
<msg timestamp="20201220 09:20:44.891" level="INFO">Opening browser 'Chrome' to base url 'https://www.htmlquick.com/es/reference/tags/input-radio.html'.</msg>
<status status="PASS" starttime="20201220 09:20:44.891" endtime="20201220 09:20:49.132"></status>
</kw>
<kw name="Sleep" library="BuiltIn">
<doc>Pauses the test executed for the given time.</doc>
<arguments>
<arg>3s</arg>
</arguments>
<msg timestamp="20201220 09:20:52.134" level="INFO">Slept 3 seconds</msg>
<status status="PASS" starttime="20201220 09:20:49.132" endtime="20201220 09:20:52.134"></status>
</kw>
<kw name="Select Radio Button" library="SeleniumLibrary">
<doc>Sets the radio button group ``group_name`` to ``value``.</doc>
<arguments>
<arg>empleoactual</arg>
<arg>tiempocompleto</arg>
</arguments>
<msg timestamp="20201220 09:20:52.135" level="INFO">Selecting 'tiempocompleto' from radio button 'empleoactual'.</msg>
<status status="PASS" starttime="20201220 09:20:52.135" endtime="20201220 09:20:52.205"></status>
</kw>
<kw name="Close Browser" library="SeleniumLibrary">
<doc>Closes the current browser.</doc>
<status status="PASS" starttime="20201220 09:20:52.206" endtime="20201220 09:20:54.300"></status>
</kw>
<status status="PASS" starttime="20201220 09:20:44.890" endtime="20201220 09:20:54.300" critical="yes"></status>
</test>
<status status="PASS" starttime="20201220 09:20:44.721" endtime="20201220 09:20:54.301"></status>
</suite>
<statistics>
<total>
<stat pass="1" fail="0">Critical Tests</stat>
<stat pass="1" fail="0">All Tests</stat>
</total>
<tag>
</tag>
<suite>
<stat pass="1" fail="0" id="s1" name="Radiobottom">Radiobottom</stat>
</suite>
</statistics>
<errors>
</errors>
</robot>
