<?xml version="1.0" encoding="UTF-8"?>
<robot generator="Robot 3.2.2 (Python 3.9.0 on win32)" generated="20201219 11:29:23.561" rpa="false">
<suite id="s1" name="Validar Ambiente" source="C:\Users\Tec\Desktop\validar_ambiente\validar_ambiente.robot">
<test id="s1-t1" name="Visitar google">
<kw name="Open Browser" library="SeleniumLibrary">
<doc>Opens a new browser instance to the optional ``url``.</doc>
<arguments>
<arg>http://www.google.com/</arg>
<arg>Chrome</arg>
</arguments>
<msg timestamp="20201219 11:29:23.722" level="INFO">Opening browser 'Chrome' to base url 'http://www.google.com/'.</msg>
<status status="PASS" starttime="20201219 11:29:23.722" endtime="20201219 11:29:28.461"></status>
</kw>
<kw name="Sleep" library="BuiltIn">
<doc>Pauses the test executed for the given time.</doc>
<arguments>
<arg>5s</arg>
</arguments>
<msg timestamp="20201219 11:29:33.462" level="INFO">Slept 5 seconds</msg>
<status status="PASS" starttime="20201219 11:29:28.461" endtime="20201219 11:29:33.462"></status>
</kw>
<kw name="Close Browser" library="SeleniumLibrary">
<doc>Closes the current browser.</doc>
<status status="PASS" starttime="20201219 11:29:33.462" endtime="20201219 11:29:35.535"></status>
</kw>
<status status="PASS" starttime="20201219 11:29:23.721" endtime="20201219 11:29:35.535" critical="yes"></status>
</test>
<status status="PASS" starttime="20201219 11:29:23.562" endtime="20201219 11:29:35.536"></status>
</suite>
<statistics>
<total>
<stat pass="1" fail="0">Critical Tests</stat>
<stat pass="1" fail="0">All Tests</stat>
</total>
<tag>
</tag>
<suite>
<stat pass="1" fail="0" id="s1" name="Validar Ambiente">Validar Ambiente</stat>
</suite>
</statistics>
<errors>
</errors>
</robot>
