<?xml version="1.0" encoding="UTF-8"?>
<robot generator="Robot 3.2.2 (Python 3.9.0 on win32)" generated="20201219 12:42:04.454" rpa="false">
<suite id="s1" name="Declarar Variables" source="C:\Users\Tec\Desktop\Declarar_Variables\Declarar_Variables.robot">
<test id="s1-t1" name="Ingresar Cuenta De Correo">
<kw name="Open Browser" library="SeleniumLibrary">
<doc>Opens a new browser instance to the optional ``url``.</doc>
<arguments>
<arg>${pagina}</arg>
<arg>${navegador}</arg>
</arguments>
<msg timestamp="20201219 12:42:04.613" level="INFO">Opening browser 'Chrome' to base url 'https://gmail.com/'.</msg>
<status status="PASS" starttime="20201219 12:42:04.613" endtime="20201219 12:42:10.162"></status>
</kw>
<kw name="Input Text" library="SeleniumLibrary">
<doc>Types the given ``text`` into the text field identified by ``locator``.</doc>
<arguments>
<arg>id:identifierId</arg>
<arg>${usuario}</arg>
</arguments>
<msg timestamp="20201219 12:42:10.163" level="INFO">Typing text 'rchilavert@nahualit.com' into text field 'id:identifierId'.</msg>
<status status="PASS" starttime="20201219 12:42:10.163" endtime="20201219 12:42:10.305"></status>
</kw>
<kw name="Click Element" library="SeleniumLibrary">
<doc>Click the element identified by ``locator``.</doc>
<arguments>
<arg>xpath://*[@id="identifierNext"]/div/button/div[2]</arg>
</arguments>
<msg timestamp="20201219 12:42:10.305" level="INFO">Clicking element 'xpath://*[@id="identifierNext"]/div/button/div[2]'.</msg>
<status status="PASS" starttime="20201219 12:42:10.305" endtime="20201219 12:42:10.381"></status>
</kw>
<kw name="Sleep" library="BuiltIn">
<doc>Pauses the test executed for the given time.</doc>
<arguments>
<arg>3s</arg>
</arguments>
<msg timestamp="20201219 12:42:13.381" level="INFO">Slept 3 seconds</msg>
<status status="PASS" starttime="20201219 12:42:10.381" endtime="20201219 12:42:13.381"></status>
</kw>
<kw name="Input Text" library="SeleniumLibrary">
<doc>Types the given ``text`` into the text field identified by ``locator``.</doc>
<arguments>
<arg>name:password</arg>
<arg>${pass}</arg>
</arguments>
<msg timestamp="20201219 12:42:13.381" level="INFO">Typing text 'CAsa42868166++++' into text field 'name:password'.</msg>
<status status="PASS" starttime="20201219 12:42:13.381" endtime="20201219 12:42:13.490"></status>
</kw>
<kw name="Click Element" library="SeleniumLibrary">
<doc>Click the element identified by ``locator``.</doc>
<arguments>
<arg>xpath://*[@id="passwordNext"]/div/button/div[2]</arg>
</arguments>
<msg timestamp="20201219 12:42:13.491" level="INFO">Clicking element 'xpath://*[@id="passwordNext"]/div/button/div[2]'.</msg>
<status status="PASS" starttime="20201219 12:42:13.491" endtime="20201219 12:42:13.564"></status>
</kw>
<kw name="Sleep" library="BuiltIn">
<doc>Pauses the test executed for the given time.</doc>
<arguments>
<arg>3s</arg>
</arguments>
<msg timestamp="20201219 12:42:16.566" level="INFO">Slept 3 seconds</msg>
<status status="PASS" starttime="20201219 12:42:13.564" endtime="20201219 12:42:16.566"></status>
</kw>
<kw name="Close Browser" library="SeleniumLibrary">
<doc>Closes the current browser.</doc>
<status status="PASS" starttime="20201219 12:42:16.566" endtime="20201219 12:42:18.657"></status>
</kw>
<status status="PASS" starttime="20201219 12:42:04.612" endtime="20201219 12:42:18.657" critical="yes"></status>
</test>
<status status="PASS" starttime="20201219 12:42:04.455" endtime="20201219 12:42:18.657"></status>
</suite>
<statistics>
<total>
<stat pass="1" fail="0">Critical Tests</stat>
<stat pass="1" fail="0">All Tests</stat>
</total>
<tag>
</tag>
<suite>
<stat pass="1" fail="0" id="s1" name="Declarar Variables">Declarar Variables</stat>
</suite>
</statistics>
<errors>
</errors>
</robot>
