<?xml version="1.0" encoding="UTF-8"?>
<robot generator="Robot 3.2.2 (Python 3.9.0 on win32)" generated="20201219 12:54:22.590" rpa="false">
<suite id="s1" name="Keyword" source="C:\Users\Tec\Desktop\Keyword\Keyword.robot">
<test id="s1-t1" name="Ingresar Cuenta De Correo">
<kw name="Open Browser" library="SeleniumLibrary">
<doc>Opens a new browser instance to the optional ``url``.</doc>
<arguments>
<arg>${pagina}</arg>
<arg>${navegador}</arg>
</arguments>
<msg timestamp="20201219 12:54:22.766" level="INFO">Opening browser 'Chrome' to base url 'https://gmail.com/'.</msg>
<status status="PASS" starttime="20201219 12:54:22.765" endtime="20201219 12:54:28.693"></status>
</kw>
<kw name="ingresar_a_correo">
<kw name="Input Text" library="SeleniumLibrary">
<doc>Types the given ``text`` into the text field identified by ``locator``.</doc>
<arguments>
<arg>id:identifierId</arg>
<arg>${usuario}</arg>
</arguments>
<msg timestamp="20201219 12:54:28.694" level="INFO">Typing text 'rchilavert@nahualit.com' into text field 'id:identifierId'.</msg>
<status status="PASS" starttime="20201219 12:54:28.694" endtime="20201219 12:54:28.848"></status>
</kw>
<kw name="Click Element" library="SeleniumLibrary">
<doc>Click the element identified by ``locator``.</doc>
<arguments>
<arg>xpath://*[@id="identifierNext"]/div/button/div[2]</arg>
</arguments>
<msg timestamp="20201219 12:54:28.849" level="INFO">Clicking element 'xpath://*[@id="identifierNext"]/div/button/div[2]'.</msg>
<status status="PASS" starttime="20201219 12:54:28.848" endtime="20201219 12:54:28.929"></status>
</kw>
<kw name="Sleep" library="BuiltIn">
<doc>Pauses the test executed for the given time.</doc>
<arguments>
<arg>3s</arg>
</arguments>
<msg timestamp="20201219 12:54:31.930" level="INFO">Slept 3 seconds</msg>
<status status="PASS" starttime="20201219 12:54:28.929" endtime="20201219 12:54:31.930"></status>
</kw>
<kw name="Input Text" library="SeleniumLibrary">
<doc>Types the given ``text`` into the text field identified by ``locator``.</doc>
<arguments>
<arg>name:password</arg>
<arg>${pass}</arg>
</arguments>
<msg timestamp="20201219 12:54:31.930" level="INFO">Typing text 'CAsa42868166++++' into text field 'name:password'.</msg>
<status status="PASS" starttime="20201219 12:54:31.930" endtime="20201219 12:54:32.033"></status>
</kw>
<kw name="Click Element" library="SeleniumLibrary">
<doc>Click the element identified by ``locator``.</doc>
<arguments>
<arg>xpath://*[@id="passwordNext"]/div/button/div[2]</arg>
</arguments>
<msg timestamp="20201219 12:54:32.033" level="INFO">Clicking element 'xpath://*[@id="passwordNext"]/div/button/div[2]'.</msg>
<status status="PASS" starttime="20201219 12:54:32.033" endtime="20201219 12:54:32.106"></status>
</kw>
<kw name="Sleep" library="BuiltIn">
<doc>Pauses the test executed for the given time.</doc>
<arguments>
<arg>3s</arg>
</arguments>
<msg timestamp="20201219 12:54:35.108" level="INFO">Slept 3 seconds</msg>
<status status="PASS" starttime="20201219 12:54:32.106" endtime="20201219 12:54:35.108"></status>
</kw>
<status status="PASS" starttime="20201219 12:54:28.693" endtime="20201219 12:54:35.108"></status>
</kw>
<kw name="Close Browser" library="SeleniumLibrary">
<doc>Closes the current browser.</doc>
<status status="PASS" starttime="20201219 12:54:35.108" endtime="20201219 12:54:37.209"></status>
</kw>
<status status="PASS" starttime="20201219 12:54:22.765" endtime="20201219 12:54:37.209" critical="yes"></status>
</test>
<status status="PASS" starttime="20201219 12:54:22.592" endtime="20201219 12:54:37.210"></status>
</suite>
<statistics>
<total>
<stat pass="1" fail="0">Critical Tests</stat>
<stat pass="1" fail="0">All Tests</stat>
</total>
<tag>
</tag>
<suite>
<stat pass="1" fail="0" id="s1" name="Keyword">Keyword</stat>
</suite>
</statistics>
<errors>
</errors>
</robot>
