<?xml version="1.0" encoding="UTF-8"?>
<robot generator="Robot 3.2.2 (Python 3.9.0 on win32)" generated="20201220 08:48:15.331" rpa="false">
<suite id="s1" name="Verificar titulo pagina" source="C:\Users\Tec\Documents\Programacion\RobotFramework basico\Verificar_titulo_pagina\Verificar_titulo_pagina.robot">
<test id="s1-t1" name="Verificando titulo de la pagina">
<kw name="Open Browser" library="SeleniumLibrary">
<doc>Opens a new browser instance to the optional ``url``.</doc>
<arguments>
<arg>${pagina}</arg>
<arg>${navegador}</arg>
</arguments>
<msg timestamp="20201220 08:48:15.506" level="INFO">Opening browser 'Chrome' to base url 'https://robotframework.org'.</msg>
<status status="PASS" starttime="20201220 08:48:15.505" endtime="20201220 08:48:22.530"></status>
</kw>
<kw name="Title Should Be" library="SeleniumLibrary">
<doc>Verifies that the current page title equals ``title``.</doc>
<arguments>
<arg>Robot Framework</arg>
</arguments>
<msg timestamp="20201220 08:48:22.535" level="INFO">Page title is 'Robot Framework'.</msg>
<status status="PASS" starttime="20201220 08:48:22.530" endtime="20201220 08:48:22.535"></status>
</kw>
<kw name="Close Browser" library="SeleniumLibrary">
<doc>Closes the current browser.</doc>
<status status="PASS" starttime="20201220 08:48:22.536" endtime="20201220 08:48:25.720"></status>
</kw>
<status status="PASS" starttime="20201220 08:48:15.505" endtime="20201220 08:48:25.720" critical="yes"></status>
</test>
<status status="PASS" starttime="20201220 08:48:15.333" endtime="20201220 08:48:25.720"></status>
</suite>
<statistics>
<total>
<stat pass="1" fail="0">Critical Tests</stat>
<stat pass="1" fail="0">All Tests</stat>
</total>
<tag>
</tag>
<suite>
<stat pass="1" fail="0" id="s1" name="Verificar titulo pagina">Verificar titulo pagina</stat>
</suite>
</statistics>
<errors>
</errors>
</robot>
